<?xml version="1.0" encoding="UTF-8"?>
<testng-results ignored="0" total="1" passed="1" failed="0" skipped="0">
  <reporter-output>
  </reporter-output>
  <suite started-at="2023-01-27T19:21:46 IST" name="Default suite" finished-at="2023-01-27T19:22:18 IST" duration-ms="32194">
    <groups>
    </groups>
    <test started-at="2023-01-27T19:21:46 IST" name="Default test" finished-at="2023-01-27T19:22:18 IST" duration-ms="32194">
      <class name="ecommerceTestCases.TC_AddtoCart">
        <test-method is-config="true" signature="setup()[pri:0, instance:ecommerceTestCases.TC_AddtoCart@9225652]" started-at="2023-01-27T19:21:46 IST" name="setup" finished-at="2023-01-27T19:21:52 IST" duration-ms="6036" status="PASS">
          <reporter-output>
          </reporter-output>
        </test-method> <!-- setup -->
        <test-method signature="TC()[pri:0, instance:ecommerceTestCases.TC_AddtoCart@9225652]" started-at="2023-01-27T19:21:52 IST" name="TC" finished-at="2023-01-27T19:22:18 IST" duration-ms="25868" status="PASS">
          <reporter-output>
          </reporter-output>
        </test-method> <!-- TC -->
        <test-method is-config="true" signature="teardown()[pri:0, instance:ecommerceTestCases.TC_AddtoCart@9225652]" started-at="2023-01-27T19:22:18 IST" name="teardown" finished-at="2023-01-27T19:22:18 IST" duration-ms="252" status="PASS">
          <reporter-output>
          </reporter-output>
        </test-method> <!-- teardown -->
      </class> <!-- ecommerceTestCases.TC_AddtoCart -->
    </test> <!-- Default test -->
  </suite> <!-- Default suite -->
</testng-results>
